<?xml version="1.0" encoding="UTF-8"?>
<!-- Generated by org.testng.reporters.JUnitReportReporter -->
<testsuite skipped="0" hostname="Skillray" name="scripts.DeliveryProduct" tests="1" failures="0" timestamp="2020-09-17T07:01:54 IST" time="25.790" errors="0">
  <testcase name="productdelivery" time="25.790" classname="scripts.DeliveryProduct"/>
</testsuite> <!-- scripts.DeliveryProduct -->
